Created by PLY version 3.11 (http://www.dabeaz.com/ply)

Unused terminals:

    ELSE
    FOR
    IF
    UMINUS

Grammar

Rule 0     S' -> program
Rule 1     program -> statements
Rule 2     statements -> statements statement
Rule 3     statements -> statement
Rule 4     statement -> Print
Rule 5     statement -> Printf
Rule 6     statement -> Println
Rule 7     statement -> expression
Rule 8     expression -> number
Rule 9     expression -> string
Rule 10    expression -> expression PLUS expression
Rule 11    expression -> expression MINUS expression
Rule 12    expression -> expression TIMES expression
Rule 13    expression -> expression DIVIDE expression
Rule 14    expression -> expression MOD expression
Rule 15    expression -> expression LT expression
Rule 16    expression -> expression LE expression
Rule 17    expression -> expression EQ expression
Rule 18    expression -> expression NEQ expression
Rule 19    expression -> expression GE expression
Rule 20    expression -> expression GT expression
Rule 21    expression -> ( expression )
Rule 22    expression -> - expression
Rule 23    number -> NUMBER
Rule 24    string -> STRING
Rule 25    Print -> PRINT ( expression )
Rule 26    Println -> PRINTLN ( expression )
Rule 27    Printf -> PRINTF ( expression )

Terminals, with rules where they appear

(                    : 21 25 26 27
)                    : 21 25 26 27
-                    : 22
DIVIDE               : 13
ELSE                 : 
EQ                   : 17
FOR                  : 
GE                   : 19
GT                   : 20
IF                   : 
LE                   : 16
LT                   : 15
MINUS                : 11
MOD                  : 14
NEQ                  : 18
NUMBER               : 23
PLUS                 : 10
PRINT                : 25
PRINTF               : 27
PRINTLN              : 26
STRING               : 24
TIMES                : 12
UMINUS               : 
error                : 

Nonterminals, with rules where they appear

Print                : 4
Printf               : 5
Println              : 6
expression           : 7 10 10 11 11 12 12 13 13 14 14 15 15 16 16 17 17 18 18 19 19 20 20 21 22 25 26 27
number               : 8
program              : 0
statement            : 2 3
statements           : 1 2
string               : 9

Parsing method: LALR

state 0

    (0) S' -> . program
    (1) program -> . statements
    (2) statements -> . statements statement
    (3) statements -> . statement
    (4) statement -> . Print
    (5) statement -> . Printf
    (6) statement -> . Println
    (7) statement -> . expression
    (25) Print -> . PRINT ( expression )
    (27) Printf -> . PRINTF ( expression )
    (26) Println -> . PRINTLN ( expression )
    (8) expression -> . number
    (9) expression -> . string
    (10) expression -> . expression PLUS expression
    (11) expression -> . expression MINUS expression
    (12) expression -> . expression TIMES expression
    (13) expression -> . expression DIVIDE expression
    (14) expression -> . expression MOD expression
    (15) expression -> . expression LT expression
    (16) expression -> . expression LE expression
    (17) expression -> . expression EQ expression
    (18) expression -> . expression NEQ expression
    (19) expression -> . expression GE expression
    (20) expression -> . expression GT expression
    (21) expression -> . ( expression )
    (22) expression -> . - expression
    (23) number -> . NUMBER
    (24) string -> . STRING

    PRINT           shift and go to state 8
    PRINTF          shift and go to state 10
    PRINTLN         shift and go to state 11
    (               shift and go to state 9
    -               shift and go to state 14
    NUMBER          shift and go to state 15
    STRING          shift and go to state 16

    program                        shift and go to state 1
    statements                     shift and go to state 2
    statement                      shift and go to state 3
    Print                          shift and go to state 4
    Printf                         shift and go to state 5
    Println                        shift and go to state 6
    expression                     shift and go to state 7
    number                         shift and go to state 12
    string                         shift and go to state 13

state 1

    (0) S' -> program .



state 2

    (1) program -> statements .
    (2) statements -> statements . statement
    (4) statement -> . Print
    (5) statement -> . Printf
    (6) statement -> . Println
    (7) statement -> . expression
    (25) Print -> . PRINT ( expression )
    (27) Printf -> . PRINTF ( expression )
    (26) Println -> . PRINTLN ( expression )
    (8) expression -> . number
    (9) expression -> . string
    (10) expression -> . expression PLUS expression
    (11) expression -> . expression MINUS expression
    (12) expression -> . expression TIMES expression
    (13) expression -> . expression DIVIDE expression
    (14) expression -> . expression MOD expression
    (15) expression -> . expression LT expression
    (16) expression -> . expression LE expression
    (17) expression -> . expression EQ expression
    (18) expression -> . expression NEQ expression
    (19) expression -> . expression GE expression
    (20) expression -> . expression GT expression
    (21) expression -> . ( expression )
    (22) expression -> . - expression
    (23) number -> . NUMBER
    (24) string -> . STRING

    $end            reduce using rule 1 (program -> statements .)
    PRINT           shift and go to state 8
    PRINTF          shift and go to state 10
    PRINTLN         shift and go to state 11
    (               shift and go to state 9
    -               shift and go to state 14
    NUMBER          shift and go to state 15
    STRING          shift and go to state 16

    statement                      shift and go to state 17
    Print                          shift and go to state 4
    Printf                         shift and go to state 5
    Println                        shift and go to state 6
    expression                     shift and go to state 7
    number                         shift and go to state 12
    string                         shift and go to state 13

state 3

    (3) statements -> statement .

    PRINT           reduce using rule 3 (statements -> statement .)
    PRINTF          reduce using rule 3 (statements -> statement .)
    PRINTLN         reduce using rule 3 (statements -> statement .)
    (               reduce using rule 3 (statements -> statement .)
    -               reduce using rule 3 (statements -> statement .)
    NUMBER          reduce using rule 3 (statements -> statement .)
    STRING          reduce using rule 3 (statements -> statement .)
    $end            reduce using rule 3 (statements -> statement .)


state 4

    (4) statement -> Print .

    PRINT           reduce using rule 4 (statement -> Print .)
    PRINTF          reduce using rule 4 (statement -> Print .)
    PRINTLN         reduce using rule 4 (statement -> Print .)
    (               reduce using rule 4 (statement -> Print .)
    -               reduce using rule 4 (statement -> Print .)
    NUMBER          reduce using rule 4 (statement -> Print .)
    STRING          reduce using rule 4 (statement -> Print .)
    $end            reduce using rule 4 (statement -> Print .)


state 5

    (5) statement -> Printf .

    PRINT           reduce using rule 5 (statement -> Printf .)
    PRINTF          reduce using rule 5 (statement -> Printf .)
    PRINTLN         reduce using rule 5 (statement -> Printf .)
    (               reduce using rule 5 (statement -> Printf .)
    -               reduce using rule 5 (statement -> Printf .)
    NUMBER          reduce using rule 5 (statement -> Printf .)
    STRING          reduce using rule 5 (statement -> Printf .)
    $end            reduce using rule 5 (statement -> Printf .)


state 6

    (6) statement -> Println .

    PRINT           reduce using rule 6 (statement -> Println .)
    PRINTF          reduce using rule 6 (statement -> Println .)
    PRINTLN         reduce using rule 6 (statement -> Println .)
    (               reduce using rule 6 (statement -> Println .)
    -               reduce using rule 6 (statement -> Println .)
    NUMBER          reduce using rule 6 (statement -> Println .)
    STRING          reduce using rule 6 (statement -> Println .)
    $end            reduce using rule 6 (statement -> Println .)


state 7

    (7) statement -> expression .
    (10) expression -> expression . PLUS expression
    (11) expression -> expression . MINUS expression
    (12) expression -> expression . TIMES expression
    (13) expression -> expression . DIVIDE expression
    (14) expression -> expression . MOD expression
    (15) expression -> expression . LT expression
    (16) expression -> expression . LE expression
    (17) expression -> expression . EQ expression
    (18) expression -> expression . NEQ expression
    (19) expression -> expression . GE expression
    (20) expression -> expression . GT expression

    PRINT           reduce using rule 7 (statement -> expression .)
    PRINTF          reduce using rule 7 (statement -> expression .)
    PRINTLN         reduce using rule 7 (statement -> expression .)
    (               reduce using rule 7 (statement -> expression .)
    -               reduce using rule 7 (statement -> expression .)
    NUMBER          reduce using rule 7 (statement -> expression .)
    STRING          reduce using rule 7 (statement -> expression .)
    $end            reduce using rule 7 (statement -> expression .)
    PLUS            shift and go to state 18
    MINUS           shift and go to state 19
    TIMES           shift and go to state 20
    DIVIDE          shift and go to state 21
    MOD             shift and go to state 22
    LT              shift and go to state 23
    LE              shift and go to state 24
    EQ              shift and go to state 25
    NEQ             shift and go to state 26
    GE              shift and go to state 27
    GT              shift and go to state 28


state 8

    (25) Print -> PRINT . ( expression )

    (               shift and go to state 29


state 9

    (21) expression -> ( . expression )
    (8) expression -> . number
    (9) expression -> . string
    (10) expression -> . expression PLUS expression
    (11) expression -> . expression MINUS expression
    (12) expression -> . expression TIMES expression
    (13) expression -> . expression DIVIDE expression
    (14) expression -> . expression MOD expression
    (15) expression -> . expression LT expression
    (16) expression -> . expression LE expression
    (17) expression -> . expression EQ expression
    (18) expression -> . expression NEQ expression
    (19) expression -> . expression GE expression
    (20) expression -> . expression GT expression
    (21) expression -> . ( expression )
    (22) expression -> . - expression
    (23) number -> . NUMBER
    (24) string -> . STRING

    (               shift and go to state 9
    -               shift and go to state 14
    NUMBER          shift and go to state 15
    STRING          shift and go to state 16

    expression                     shift and go to state 30
    number                         shift and go to state 12
    string                         shift and go to state 13

state 10

    (27) Printf -> PRINTF . ( expression )

    (               shift and go to state 31


state 11

    (26) Println -> PRINTLN . ( expression )

    (               shift and go to state 32


state 12

    (8) expression -> number .

    PLUS            reduce using rule 8 (expression -> number .)
    MINUS           reduce using rule 8 (expression -> number .)
    TIMES           reduce using rule 8 (expression -> number .)
    DIVIDE          reduce using rule 8 (expression -> number .)
    MOD             reduce using rule 8 (expression -> number .)
    LT              reduce using rule 8 (expression -> number .)
    LE              reduce using rule 8 (expression -> number .)
    EQ              reduce using rule 8 (expression -> number .)
    NEQ             reduce using rule 8 (expression -> number .)
    GE              reduce using rule 8 (expression -> number .)
    GT              reduce using rule 8 (expression -> number .)
    PRINT           reduce using rule 8 (expression -> number .)
    PRINTF          reduce using rule 8 (expression -> number .)
    PRINTLN         reduce using rule 8 (expression -> number .)
    (               reduce using rule 8 (expression -> number .)
    -               reduce using rule 8 (expression -> number .)
    NUMBER          reduce using rule 8 (expression -> number .)
    STRING          reduce using rule 8 (expression -> number .)
    $end            reduce using rule 8 (expression -> number .)
    )               reduce using rule 8 (expression -> number .)


state 13

    (9) expression -> string .

    PLUS            reduce using rule 9 (expression -> string .)
    MINUS           reduce using rule 9 (expression -> string .)
    TIMES           reduce using rule 9 (expression -> string .)
    DIVIDE          reduce using rule 9 (expression -> string .)
    MOD             reduce using rule 9 (expression -> string .)
    LT              reduce using rule 9 (expression -> string .)
    LE              reduce using rule 9 (expression -> string .)
    EQ              reduce using rule 9 (expression -> string .)
    NEQ             reduce using rule 9 (expression -> string .)
    GE              reduce using rule 9 (expression -> string .)
    GT              reduce using rule 9 (expression -> string .)
    PRINT           reduce using rule 9 (expression -> string .)
    PRINTF          reduce using rule 9 (expression -> string .)
    PRINTLN         reduce using rule 9 (expression -> string .)
    (               reduce using rule 9 (expression -> string .)
    -               reduce using rule 9 (expression -> string .)
    NUMBER          reduce using rule 9 (expression -> string .)
    STRING          reduce using rule 9 (expression -> string .)
    $end            reduce using rule 9 (expression -> string .)
    )               reduce using rule 9 (expression -> string .)


state 14

    (22) expression -> - . expression
    (8) expression -> . number
    (9) expression -> . string
    (10) expression -> . expression PLUS expression
    (11) expression -> . expression MINUS expression
    (12) expression -> . expression TIMES expression
    (13) expression -> . expression DIVIDE expression
    (14) expression -> . expression MOD expression
    (15) expression -> . expression LT expression
    (16) expression -> . expression LE expression
    (17) expression -> . expression EQ expression
    (18) expression -> . expression NEQ expression
    (19) expression -> . expression GE expression
    (20) expression -> . expression GT expression
    (21) expression -> . ( expression )
    (22) expression -> . - expression
    (23) number -> . NUMBER
    (24) string -> . STRING

    (               shift and go to state 9
    -               shift and go to state 14
    NUMBER          shift and go to state 15
    STRING          shift and go to state 16

    expression                     shift and go to state 33
    number                         shift and go to state 12
    string                         shift and go to state 13

state 15

    (23) number -> NUMBER .

    PLUS            reduce using rule 23 (number -> NUMBER .)
    MINUS           reduce using rule 23 (number -> NUMBER .)
    TIMES           reduce using rule 23 (number -> NUMBER .)
    DIVIDE          reduce using rule 23 (number -> NUMBER .)
    MOD             reduce using rule 23 (number -> NUMBER .)
    LT              reduce using rule 23 (number -> NUMBER .)
    LE              reduce using rule 23 (number -> NUMBER .)
    EQ              reduce using rule 23 (number -> NUMBER .)
    NEQ             reduce using rule 23 (number -> NUMBER .)
    GE              reduce using rule 23 (number -> NUMBER .)
    GT              reduce using rule 23 (number -> NUMBER .)
    PRINT           reduce using rule 23 (number -> NUMBER .)
    PRINTF          reduce using rule 23 (number -> NUMBER .)
    PRINTLN         reduce using rule 23 (number -> NUMBER .)
    (               reduce using rule 23 (number -> NUMBER .)
    -               reduce using rule 23 (number -> NUMBER .)
    NUMBER          reduce using rule 23 (number -> NUMBER .)
    STRING          reduce using rule 23 (number -> NUMBER .)
    $end            reduce using rule 23 (number -> NUMBER .)
    )               reduce using rule 23 (number -> NUMBER .)


state 16

    (24) string -> STRING .

    PLUS            reduce using rule 24 (string -> STRING .)
    MINUS           reduce using rule 24 (string -> STRING .)
    TIMES           reduce using rule 24 (string -> STRING .)
    DIVIDE          reduce using rule 24 (string -> STRING .)
    MOD             reduce using rule 24 (string -> STRING .)
    LT              reduce using rule 24 (string -> STRING .)
    LE              reduce using rule 24 (string -> STRING .)
    EQ              reduce using rule 24 (string -> STRING .)
    NEQ             reduce using rule 24 (string -> STRING .)
    GE              reduce using rule 24 (string -> STRING .)
    GT              reduce using rule 24 (string -> STRING .)
    PRINT           reduce using rule 24 (string -> STRING .)
    PRINTF          reduce using rule 24 (string -> STRING .)
    PRINTLN         reduce using rule 24 (string -> STRING .)
    (               reduce using rule 24 (string -> STRING .)
    -               reduce using rule 24 (string -> STRING .)
    NUMBER          reduce using rule 24 (string -> STRING .)
    STRING          reduce using rule 24 (string -> STRING .)
    $end            reduce using rule 24 (string -> STRING .)
    )               reduce using rule 24 (string -> STRING .)


state 17

    (2) statements -> statements statement .

    PRINT           reduce using rule 2 (statements -> statements statement .)
    PRINTF          reduce using rule 2 (statements -> statements statement .)
    PRINTLN         reduce using rule 2 (statements -> statements statement .)
    (               reduce using rule 2 (statements -> statements statement .)
    -               reduce using rule 2 (statements -> statements statement .)
    NUMBER          reduce using rule 2 (statements -> statements statement .)
    STRING          reduce using rule 2 (statements -> statements statement .)
    $end            reduce using rule 2 (statements -> statements statement .)


state 18

    (10) expression -> expression PLUS . expression
    (8) expression -> . number
    (9) expression -> . string
    (10) expression -> . expression PLUS expression
    (11) expression -> . expression MINUS expression
    (12) expression -> . expression TIMES expression
    (13) expression -> . expression DIVIDE expression
    (14) expression -> . expression MOD expression
    (15) expression -> . expression LT expression
    (16) expression -> . expression LE expression
    (17) expression -> . expression EQ expression
    (18) expression -> . expression NEQ expression
    (19) expression -> . expression GE expression
    (20) expression -> . expression GT expression
    (21) expression -> . ( expression )
    (22) expression -> . - expression
    (23) number -> . NUMBER
    (24) string -> . STRING

    (               shift and go to state 9
    -               shift and go to state 14
    NUMBER          shift and go to state 15
    STRING          shift and go to state 16

    expression                     shift and go to state 34
    number                         shift and go to state 12
    string                         shift and go to state 13

state 19

    (11) expression -> expression MINUS . expression
    (8) expression -> . number
    (9) expression -> . string
    (10) expression -> . expression PLUS expression
    (11) expression -> . expression MINUS expression
    (12) expression -> . expression TIMES expression
    (13) expression -> . expression DIVIDE expression
    (14) expression -> . expression MOD expression
    (15) expression -> . expression LT expression
    (16) expression -> . expression LE expression
    (17) expression -> . expression EQ expression
    (18) expression -> . expression NEQ expression
    (19) expression -> . expression GE expression
    (20) expression -> . expression GT expression
    (21) expression -> . ( expression )
    (22) expression -> . - expression
    (23) number -> . NUMBER
    (24) string -> . STRING

    (               shift and go to state 9
    -               shift and go to state 14
    NUMBER          shift and go to state 15
    STRING          shift and go to state 16

    expression                     shift and go to state 35
    number                         shift and go to state 12
    string                         shift and go to state 13

state 20

    (12) expression -> expression TIMES . expression
    (8) expression -> . number
    (9) expression -> . string
    (10) expression -> . expression PLUS expression
    (11) expression -> . expression MINUS expression
    (12) expression -> . expression TIMES expression
    (13) expression -> . expression DIVIDE expression
    (14) expression -> . expression MOD expression
    (15) expression -> . expression LT expression
    (16) expression -> . expression LE expression
    (17) expression -> . expression EQ expression
    (18) expression -> . expression NEQ expression
    (19) expression -> . expression GE expression
    (20) expression -> . expression GT expression
    (21) expression -> . ( expression )
    (22) expression -> . - expression
    (23) number -> . NUMBER
    (24) string -> . STRING

    (               shift and go to state 9
    -               shift and go to state 14
    NUMBER          shift and go to state 15
    STRING          shift and go to state 16

    expression                     shift and go to state 36
    number                         shift and go to state 12
    string                         shift and go to state 13

state 21

    (13) expression -> expression DIVIDE . expression
    (8) expression -> . number
    (9) expression -> . string
    (10) expression -> . expression PLUS expression
    (11) expression -> . expression MINUS expression
    (12) expression -> . expression TIMES expression
    (13) expression -> . expression DIVIDE expression
    (14) expression -> . expression MOD expression
    (15) expression -> . expression LT expression
    (16) expression -> . expression LE expression
    (17) expression -> . expression EQ expression
    (18) expression -> . expression NEQ expression
    (19) expression -> . expression GE expression
    (20) expression -> . expression GT expression
    (21) expression -> . ( expression )
    (22) expression -> . - expression
    (23) number -> . NUMBER
    (24) string -> . STRING

    (               shift and go to state 9
    -               shift and go to state 14
    NUMBER          shift and go to state 15
    STRING          shift and go to state 16

    expression                     shift and go to state 37
    number                         shift and go to state 12
    string                         shift and go to state 13

state 22

    (14) expression -> expression MOD . expression
    (8) expression -> . number
    (9) expression -> . string
    (10) expression -> . expression PLUS expression
    (11) expression -> . expression MINUS expression
    (12) expression -> . expression TIMES expression
    (13) expression -> . expression DIVIDE expression
    (14) expression -> . expression MOD expression
    (15) expression -> . expression LT expression
    (16) expression -> . expression LE expression
    (17) expression -> . expression EQ expression
    (18) expression -> . expression NEQ expression
    (19) expression -> . expression GE expression
    (20) expression -> . expression GT expression
    (21) expression -> . ( expression )
    (22) expression -> . - expression
    (23) number -> . NUMBER
    (24) string -> . STRING

    (               shift and go to state 9
    -               shift and go to state 14
    NUMBER          shift and go to state 15
    STRING          shift and go to state 16

    expression                     shift and go to state 38
    number                         shift and go to state 12
    string                         shift and go to state 13

state 23

    (15) expression -> expression LT . expression
    (8) expression -> . number
    (9) expression -> . string
    (10) expression -> . expression PLUS expression
    (11) expression -> . expression MINUS expression
    (12) expression -> . expression TIMES expression
    (13) expression -> . expression DIVIDE expression
    (14) expression -> . expression MOD expression
    (15) expression -> . expression LT expression
    (16) expression -> . expression LE expression
    (17) expression -> . expression EQ expression
    (18) expression -> . expression NEQ expression
    (19) expression -> . expression GE expression
    (20) expression -> . expression GT expression
    (21) expression -> . ( expression )
    (22) expression -> . - expression
    (23) number -> . NUMBER
    (24) string -> . STRING

    (               shift and go to state 9
    -               shift and go to state 14
    NUMBER          shift and go to state 15
    STRING          shift and go to state 16

    expression                     shift and go to state 39
    number                         shift and go to state 12
    string                         shift and go to state 13

state 24

    (16) expression -> expression LE . expression
    (8) expression -> . number
    (9) expression -> . string
    (10) expression -> . expression PLUS expression
    (11) expression -> . expression MINUS expression
    (12) expression -> . expression TIMES expression
    (13) expression -> . expression DIVIDE expression
    (14) expression -> . expression MOD expression
    (15) expression -> . expression LT expression
    (16) expression -> . expression LE expression
    (17) expression -> . expression EQ expression
    (18) expression -> . expression NEQ expression
    (19) expression -> . expression GE expression
    (20) expression -> . expression GT expression
    (21) expression -> . ( expression )
    (22) expression -> . - expression
    (23) number -> . NUMBER
    (24) string -> . STRING

    (               shift and go to state 9
    -               shift and go to state 14
    NUMBER          shift and go to state 15
    STRING          shift and go to state 16

    expression                     shift and go to state 40
    number                         shift and go to state 12
    string                         shift and go to state 13

state 25

    (17) expression -> expression EQ . expression
    (8) expression -> . number
    (9) expression -> . string
    (10) expression -> . expression PLUS expression
    (11) expression -> . expression MINUS expression
    (12) expression -> . expression TIMES expression
    (13) expression -> . expression DIVIDE expression
    (14) expression -> . expression MOD expression
    (15) expression -> . expression LT expression
    (16) expression -> . expression LE expression
    (17) expression -> . expression EQ expression
    (18) expression -> . expression NEQ expression
    (19) expression -> . expression GE expression
    (20) expression -> . expression GT expression
    (21) expression -> . ( expression )
    (22) expression -> . - expression
    (23) number -> . NUMBER
    (24) string -> . STRING

    (               shift and go to state 9
    -               shift and go to state 14
    NUMBER          shift and go to state 15
    STRING          shift and go to state 16

    expression                     shift and go to state 41
    number                         shift and go to state 12
    string                         shift and go to state 13

state 26

    (18) expression -> expression NEQ . expression
    (8) expression -> . number
    (9) expression -> . string
    (10) expression -> . expression PLUS expression
    (11) expression -> . expression MINUS expression
    (12) expression -> . expression TIMES expression
    (13) expression -> . expression DIVIDE expression
    (14) expression -> . expression MOD expression
    (15) expression -> . expression LT expression
    (16) expression -> . expression LE expression
    (17) expression -> . expression EQ expression
    (18) expression -> . expression NEQ expression
    (19) expression -> . expression GE expression
    (20) expression -> . expression GT expression
    (21) expression -> . ( expression )
    (22) expression -> . - expression
    (23) number -> . NUMBER
    (24) string -> . STRING

    (               shift and go to state 9
    -               shift and go to state 14
    NUMBER          shift and go to state 15
    STRING          shift and go to state 16

    expression                     shift and go to state 42
    number                         shift and go to state 12
    string                         shift and go to state 13

state 27

    (19) expression -> expression GE . expression
    (8) expression -> . number
    (9) expression -> . string
    (10) expression -> . expression PLUS expression
    (11) expression -> . expression MINUS expression
    (12) expression -> . expression TIMES expression
    (13) expression -> . expression DIVIDE expression
    (14) expression -> . expression MOD expression
    (15) expression -> . expression LT expression
    (16) expression -> . expression LE expression
    (17) expression -> . expression EQ expression
    (18) expression -> . expression NEQ expression
    (19) expression -> . expression GE expression
    (20) expression -> . expression GT expression
    (21) expression -> . ( expression )
    (22) expression -> . - expression
    (23) number -> . NUMBER
    (24) string -> . STRING

    (               shift and go to state 9
    -               shift and go to state 14
    NUMBER          shift and go to state 15
    STRING          shift and go to state 16

    expression                     shift and go to state 43
    number                         shift and go to state 12
    string                         shift and go to state 13

state 28

    (20) expression -> expression GT . expression
    (8) expression -> . number
    (9) expression -> . string
    (10) expression -> . expression PLUS expression
    (11) expression -> . expression MINUS expression
    (12) expression -> . expression TIMES expression
    (13) expression -> . expression DIVIDE expression
    (14) expression -> . expression MOD expression
    (15) expression -> . expression LT expression
    (16) expression -> . expression LE expression
    (17) expression -> . expression EQ expression
    (18) expression -> . expression NEQ expression
    (19) expression -> . expression GE expression
    (20) expression -> . expression GT expression
    (21) expression -> . ( expression )
    (22) expression -> . - expression
    (23) number -> . NUMBER
    (24) string -> . STRING

    (               shift and go to state 9
    -               shift and go to state 14
    NUMBER          shift and go to state 15
    STRING          shift and go to state 16

    expression                     shift and go to state 44
    number                         shift and go to state 12
    string                         shift and go to state 13

state 29

    (25) Print -> PRINT ( . expression )
    (8) expression -> . number
    (9) expression -> . string
    (10) expression -> . expression PLUS expression
    (11) expression -> . expression MINUS expression
    (12) expression -> . expression TIMES expression
    (13) expression -> . expression DIVIDE expression
    (14) expression -> . expression MOD expression
    (15) expression -> . expression LT expression
    (16) expression -> . expression LE expression
    (17) expression -> . expression EQ expression
    (18) expression -> . expression NEQ expression
    (19) expression -> . expression GE expression
    (20) expression -> . expression GT expression
    (21) expression -> . ( expression )
    (22) expression -> . - expression
    (23) number -> . NUMBER
    (24) string -> . STRING

    (               shift and go to state 9
    -               shift and go to state 14
    NUMBER          shift and go to state 15
    STRING          shift and go to state 16

    expression                     shift and go to state 45
    number                         shift and go to state 12
    string                         shift and go to state 13

state 30

    (21) expression -> ( expression . )
    (10) expression -> expression . PLUS expression
    (11) expression -> expression . MINUS expression
    (12) expression -> expression . TIMES expression
    (13) expression -> expression . DIVIDE expression
    (14) expression -> expression . MOD expression
    (15) expression -> expression . LT expression
    (16) expression -> expression . LE expression
    (17) expression -> expression . EQ expression
    (18) expression -> expression . NEQ expression
    (19) expression -> expression . GE expression
    (20) expression -> expression . GT expression

    )               shift and go to state 46
    PLUS            shift and go to state 18
    MINUS           shift and go to state 19
    TIMES           shift and go to state 20
    DIVIDE          shift and go to state 21
    MOD             shift and go to state 22
    LT              shift and go to state 23
    LE              shift and go to state 24
    EQ              shift and go to state 25
    NEQ             shift and go to state 26
    GE              shift and go to state 27
    GT              shift and go to state 28


state 31

    (27) Printf -> PRINTF ( . expression )
    (8) expression -> . number
    (9) expression -> . string
    (10) expression -> . expression PLUS expression
    (11) expression -> . expression MINUS expression
    (12) expression -> . expression TIMES expression
    (13) expression -> . expression DIVIDE expression
    (14) expression -> . expression MOD expression
    (15) expression -> . expression LT expression
    (16) expression -> . expression LE expression
    (17) expression -> . expression EQ expression
    (18) expression -> . expression NEQ expression
    (19) expression -> . expression GE expression
    (20) expression -> . expression GT expression
    (21) expression -> . ( expression )
    (22) expression -> . - expression
    (23) number -> . NUMBER
    (24) string -> . STRING

    (               shift and go to state 9
    -               shift and go to state 14
    NUMBER          shift and go to state 15
    STRING          shift and go to state 16

    expression                     shift and go to state 47
    number                         shift and go to state 12
    string                         shift and go to state 13

state 32

    (26) Println -> PRINTLN ( . expression )
    (8) expression -> . number
    (9) expression -> . string
    (10) expression -> . expression PLUS expression
    (11) expression -> . expression MINUS expression
    (12) expression -> . expression TIMES expression
    (13) expression -> . expression DIVIDE expression
    (14) expression -> . expression MOD expression
    (15) expression -> . expression LT expression
    (16) expression -> . expression LE expression
    (17) expression -> . expression EQ expression
    (18) expression -> . expression NEQ expression
    (19) expression -> . expression GE expression
    (20) expression -> . expression GT expression
    (21) expression -> . ( expression )
    (22) expression -> . - expression
    (23) number -> . NUMBER
    (24) string -> . STRING

    (               shift and go to state 9
    -               shift and go to state 14
    NUMBER          shift and go to state 15
    STRING          shift and go to state 16

    expression                     shift and go to state 48
    number                         shift and go to state 12
    string                         shift and go to state 13

state 33

    (22) expression -> - expression .
    (10) expression -> expression . PLUS expression
    (11) expression -> expression . MINUS expression
    (12) expression -> expression . TIMES expression
    (13) expression -> expression . DIVIDE expression
    (14) expression -> expression . MOD expression
    (15) expression -> expression . LT expression
    (16) expression -> expression . LE expression
    (17) expression -> expression . EQ expression
    (18) expression -> expression . NEQ expression
    (19) expression -> expression . GE expression
    (20) expression -> expression . GT expression

    PLUS            reduce using rule 22 (expression -> - expression .)
    MINUS           reduce using rule 22 (expression -> - expression .)
    TIMES           reduce using rule 22 (expression -> - expression .)
    DIVIDE          reduce using rule 22 (expression -> - expression .)
    MOD             reduce using rule 22 (expression -> - expression .)
    LT              reduce using rule 22 (expression -> - expression .)
    LE              reduce using rule 22 (expression -> - expression .)
    EQ              reduce using rule 22 (expression -> - expression .)
    NEQ             reduce using rule 22 (expression -> - expression .)
    GE              reduce using rule 22 (expression -> - expression .)
    GT              reduce using rule 22 (expression -> - expression .)
    PRINT           reduce using rule 22 (expression -> - expression .)
    PRINTF          reduce using rule 22 (expression -> - expression .)
    PRINTLN         reduce using rule 22 (expression -> - expression .)
    (               reduce using rule 22 (expression -> - expression .)
    -               reduce using rule 22 (expression -> - expression .)
    NUMBER          reduce using rule 22 (expression -> - expression .)
    STRING          reduce using rule 22 (expression -> - expression .)
    $end            reduce using rule 22 (expression -> - expression .)
    )               reduce using rule 22 (expression -> - expression .)

  ! PLUS            [ shift and go to state 18 ]
  ! MINUS           [ shift and go to state 19 ]
  ! TIMES           [ shift and go to state 20 ]
  ! DIVIDE          [ shift and go to state 21 ]
  ! MOD             [ shift and go to state 22 ]
  ! LT              [ shift and go to state 23 ]
  ! LE              [ shift and go to state 24 ]
  ! EQ              [ shift and go to state 25 ]
  ! NEQ             [ shift and go to state 26 ]
  ! GE              [ shift and go to state 27 ]
  ! GT              [ shift and go to state 28 ]


state 34

    (10) expression -> expression PLUS expression .
    (10) expression -> expression . PLUS expression
    (11) expression -> expression . MINUS expression
    (12) expression -> expression . TIMES expression
    (13) expression -> expression . DIVIDE expression
    (14) expression -> expression . MOD expression
    (15) expression -> expression . LT expression
    (16) expression -> expression . LE expression
    (17) expression -> expression . EQ expression
    (18) expression -> expression . NEQ expression
    (19) expression -> expression . GE expression
    (20) expression -> expression . GT expression

    PLUS            reduce using rule 10 (expression -> expression PLUS expression .)
    MINUS           reduce using rule 10 (expression -> expression PLUS expression .)
    LT              reduce using rule 10 (expression -> expression PLUS expression .)
    LE              reduce using rule 10 (expression -> expression PLUS expression .)
    EQ              reduce using rule 10 (expression -> expression PLUS expression .)
    NEQ             reduce using rule 10 (expression -> expression PLUS expression .)
    GE              reduce using rule 10 (expression -> expression PLUS expression .)
    GT              reduce using rule 10 (expression -> expression PLUS expression .)
    PRINT           reduce using rule 10 (expression -> expression PLUS expression .)
    PRINTF          reduce using rule 10 (expression -> expression PLUS expression .)
    PRINTLN         reduce using rule 10 (expression -> expression PLUS expression .)
    (               reduce using rule 10 (expression -> expression PLUS expression .)
    -               reduce using rule 10 (expression -> expression PLUS expression .)
    NUMBER          reduce using rule 10 (expression -> expression PLUS expression .)
    STRING          reduce using rule 10 (expression -> expression PLUS expression .)
    $end            reduce using rule 10 (expression -> expression PLUS expression .)
    )               reduce using rule 10 (expression -> expression PLUS expression .)
    TIMES           shift and go to state 20
    DIVIDE          shift and go to state 21
    MOD             shift and go to state 22

  ! TIMES           [ reduce using rule 10 (expression -> expression PLUS expression .) ]
  ! DIVIDE          [ reduce using rule 10 (expression -> expression PLUS expression .) ]
  ! MOD             [ reduce using rule 10 (expression -> expression PLUS expression .) ]
  ! PLUS            [ shift and go to state 18 ]
  ! MINUS           [ shift and go to state 19 ]
  ! LT              [ shift and go to state 23 ]
  ! LE              [ shift and go to state 24 ]
  ! EQ              [ shift and go to state 25 ]
  ! NEQ             [ shift and go to state 26 ]
  ! GE              [ shift and go to state 27 ]
  ! GT              [ shift and go to state 28 ]


state 35

    (11) expression -> expression MINUS expression .
    (10) expression -> expression . PLUS expression
    (11) expression -> expression . MINUS expression
    (12) expression -> expression . TIMES expression
    (13) expression -> expression . DIVIDE expression
    (14) expression -> expression . MOD expression
    (15) expression -> expression . LT expression
    (16) expression -> expression . LE expression
    (17) expression -> expression . EQ expression
    (18) expression -> expression . NEQ expression
    (19) expression -> expression . GE expression
    (20) expression -> expression . GT expression

    PLUS            reduce using rule 11 (expression -> expression MINUS expression .)
    MINUS           reduce using rule 11 (expression -> expression MINUS expression .)
    LT              reduce using rule 11 (expression -> expression MINUS expression .)
    LE              reduce using rule 11 (expression -> expression MINUS expression .)
    EQ              reduce using rule 11 (expression -> expression MINUS expression .)
    NEQ             reduce using rule 11 (expression -> expression MINUS expression .)
    GE              reduce using rule 11 (expression -> expression MINUS expression .)
    GT              reduce using rule 11 (expression -> expression MINUS expression .)
    PRINT           reduce using rule 11 (expression -> expression MINUS expression .)
    PRINTF          reduce using rule 11 (expression -> expression MINUS expression .)
    PRINTLN         reduce using rule 11 (expression -> expression MINUS expression .)
    (               reduce using rule 11 (expression -> expression MINUS expression .)
    -               reduce using rule 11 (expression -> expression MINUS expression .)
    NUMBER          reduce using rule 11 (expression -> expression MINUS expression .)
    STRING          reduce using rule 11 (expression -> expression MINUS expression .)
    $end            reduce using rule 11 (expression -> expression MINUS expression .)
    )               reduce using rule 11 (expression -> expression MINUS expression .)
    TIMES           shift and go to state 20
    DIVIDE          shift and go to state 21
    MOD             shift and go to state 22

  ! TIMES           [ reduce using rule 11 (expression -> expression MINUS expression .) ]
  ! DIVIDE          [ reduce using rule 11 (expression -> expression MINUS expression .) ]
  ! MOD             [ reduce using rule 11 (expression -> expression MINUS expression .) ]
  ! PLUS            [ shift and go to state 18 ]
  ! MINUS           [ shift and go to state 19 ]
  ! LT              [ shift and go to state 23 ]
  ! LE              [ shift and go to state 24 ]
  ! EQ              [ shift and go to state 25 ]
  ! NEQ             [ shift and go to state 26 ]
  ! GE              [ shift and go to state 27 ]
  ! GT              [ shift and go to state 28 ]


state 36

    (12) expression -> expression TIMES expression .
    (10) expression -> expression . PLUS expression
    (11) expression -> expression . MINUS expression
    (12) expression -> expression . TIMES expression
    (13) expression -> expression . DIVIDE expression
    (14) expression -> expression . MOD expression
    (15) expression -> expression . LT expression
    (16) expression -> expression . LE expression
    (17) expression -> expression . EQ expression
    (18) expression -> expression . NEQ expression
    (19) expression -> expression . GE expression
    (20) expression -> expression . GT expression

    PLUS            reduce using rule 12 (expression -> expression TIMES expression .)
    MINUS           reduce using rule 12 (expression -> expression TIMES expression .)
    TIMES           reduce using rule 12 (expression -> expression TIMES expression .)
    DIVIDE          reduce using rule 12 (expression -> expression TIMES expression .)
    MOD             reduce using rule 12 (expression -> expression TIMES expression .)
    LT              reduce using rule 12 (expression -> expression TIMES expression .)
    LE              reduce using rule 12 (expression -> expression TIMES expression .)
    EQ              reduce using rule 12 (expression -> expression TIMES expression .)
    NEQ             reduce using rule 12 (expression -> expression TIMES expression .)
    GE              reduce using rule 12 (expression -> expression TIMES expression .)
    GT              reduce using rule 12 (expression -> expression TIMES expression .)
    PRINT           reduce using rule 12 (expression -> expression TIMES expression .)
    PRINTF          reduce using rule 12 (expression -> expression TIMES expression .)
    PRINTLN         reduce using rule 12 (expression -> expression TIMES expression .)
    (               reduce using rule 12 (expression -> expression TIMES expression .)
    -               reduce using rule 12 (expression -> expression TIMES expression .)
    NUMBER          reduce using rule 12 (expression -> expression TIMES expression .)
    STRING          reduce using rule 12 (expression -> expression TIMES expression .)
    $end            reduce using rule 12 (expression -> expression TIMES expression .)
    )               reduce using rule 12 (expression -> expression TIMES expression .)

  ! PLUS            [ shift and go to state 18 ]
  ! MINUS           [ shift and go to state 19 ]
  ! TIMES           [ shift and go to state 20 ]
  ! DIVIDE          [ shift and go to state 21 ]
  ! MOD             [ shift and go to state 22 ]
  ! LT              [ shift and go to state 23 ]
  ! LE              [ shift and go to state 24 ]
  ! EQ              [ shift and go to state 25 ]
  ! NEQ             [ shift and go to state 26 ]
  ! GE              [ shift and go to state 27 ]
  ! GT              [ shift and go to state 28 ]


state 37

    (13) expression -> expression DIVIDE expression .
    (10) expression -> expression . PLUS expression
    (11) expression -> expression . MINUS expression
    (12) expression -> expression . TIMES expression
    (13) expression -> expression . DIVIDE expression
    (14) expression -> expression . MOD expression
    (15) expression -> expression . LT expression
    (16) expression -> expression . LE expression
    (17) expression -> expression . EQ expression
    (18) expression -> expression . NEQ expression
    (19) expression -> expression . GE expression
    (20) expression -> expression . GT expression

    PLUS            reduce using rule 13 (expression -> expression DIVIDE expression .)
    MINUS           reduce using rule 13 (expression -> expression DIVIDE expression .)
    TIMES           reduce using rule 13 (expression -> expression DIVIDE expression .)
    DIVIDE          reduce using rule 13 (expression -> expression DIVIDE expression .)
    MOD             reduce using rule 13 (expression -> expression DIVIDE expression .)
    LT              reduce using rule 13 (expression -> expression DIVIDE expression .)
    LE              reduce using rule 13 (expression -> expression DIVIDE expression .)
    EQ              reduce using rule 13 (expression -> expression DIVIDE expression .)
    NEQ             reduce using rule 13 (expression -> expression DIVIDE expression .)
    GE              reduce using rule 13 (expression -> expression DIVIDE expression .)
    GT              reduce using rule 13 (expression -> expression DIVIDE expression .)
    PRINT           reduce using rule 13 (expression -> expression DIVIDE expression .)
    PRINTF          reduce using rule 13 (expression -> expression DIVIDE expression .)
    PRINTLN         reduce using rule 13 (expression -> expression DIVIDE expression .)
    (               reduce using rule 13 (expression -> expression DIVIDE expression .)
    -               reduce using rule 13 (expression -> expression DIVIDE expression .)
    NUMBER          reduce using rule 13 (expression -> expression DIVIDE expression .)
    STRING          reduce using rule 13 (expression -> expression DIVIDE expression .)
    $end            reduce using rule 13 (expression -> expression DIVIDE expression .)
    )               reduce using rule 13 (expression -> expression DIVIDE expression .)

  ! PLUS            [ shift and go to state 18 ]
  ! MINUS           [ shift and go to state 19 ]
  ! TIMES           [ shift and go to state 20 ]
  ! DIVIDE          [ shift and go to state 21 ]
  ! MOD             [ shift and go to state 22 ]
  ! LT              [ shift and go to state 23 ]
  ! LE              [ shift and go to state 24 ]
  ! EQ              [ shift and go to state 25 ]
  ! NEQ             [ shift and go to state 26 ]
  ! GE              [ shift and go to state 27 ]
  ! GT              [ shift and go to state 28 ]


state 38

    (14) expression -> expression MOD expression .
    (10) expression -> expression . PLUS expression
    (11) expression -> expression . MINUS expression
    (12) expression -> expression . TIMES expression
    (13) expression -> expression . DIVIDE expression
    (14) expression -> expression . MOD expression
    (15) expression -> expression . LT expression
    (16) expression -> expression . LE expression
    (17) expression -> expression . EQ expression
    (18) expression -> expression . NEQ expression
    (19) expression -> expression . GE expression
    (20) expression -> expression . GT expression

    PLUS            reduce using rule 14 (expression -> expression MOD expression .)
    MINUS           reduce using rule 14 (expression -> expression MOD expression .)
    TIMES           reduce using rule 14 (expression -> expression MOD expression .)
    DIVIDE          reduce using rule 14 (expression -> expression MOD expression .)
    MOD             reduce using rule 14 (expression -> expression MOD expression .)
    LT              reduce using rule 14 (expression -> expression MOD expression .)
    LE              reduce using rule 14 (expression -> expression MOD expression .)
    EQ              reduce using rule 14 (expression -> expression MOD expression .)
    NEQ             reduce using rule 14 (expression -> expression MOD expression .)
    GE              reduce using rule 14 (expression -> expression MOD expression .)
    GT              reduce using rule 14 (expression -> expression MOD expression .)
    PRINT           reduce using rule 14 (expression -> expression MOD expression .)
    PRINTF          reduce using rule 14 (expression -> expression MOD expression .)
    PRINTLN         reduce using rule 14 (expression -> expression MOD expression .)
    (               reduce using rule 14 (expression -> expression MOD expression .)
    -               reduce using rule 14 (expression -> expression MOD expression .)
    NUMBER          reduce using rule 14 (expression -> expression MOD expression .)
    STRING          reduce using rule 14 (expression -> expression MOD expression .)
    $end            reduce using rule 14 (expression -> expression MOD expression .)
    )               reduce using rule 14 (expression -> expression MOD expression .)

  ! PLUS            [ shift and go to state 18 ]
  ! MINUS           [ shift and go to state 19 ]
  ! TIMES           [ shift and go to state 20 ]
  ! DIVIDE          [ shift and go to state 21 ]
  ! MOD             [ shift and go to state 22 ]
  ! LT              [ shift and go to state 23 ]
  ! LE              [ shift and go to state 24 ]
  ! EQ              [ shift and go to state 25 ]
  ! NEQ             [ shift and go to state 26 ]
  ! GE              [ shift and go to state 27 ]
  ! GT              [ shift and go to state 28 ]


state 39

    (15) expression -> expression LT expression .
    (10) expression -> expression . PLUS expression
    (11) expression -> expression . MINUS expression
    (12) expression -> expression . TIMES expression
    (13) expression -> expression . DIVIDE expression
    (14) expression -> expression . MOD expression
    (15) expression -> expression . LT expression
    (16) expression -> expression . LE expression
    (17) expression -> expression . EQ expression
    (18) expression -> expression . NEQ expression
    (19) expression -> expression . GE expression
    (20) expression -> expression . GT expression

    LT              reduce using rule 15 (expression -> expression LT expression .)
    LE              reduce using rule 15 (expression -> expression LT expression .)
    EQ              reduce using rule 15 (expression -> expression LT expression .)
    NEQ             reduce using rule 15 (expression -> expression LT expression .)
    GE              reduce using rule 15 (expression -> expression LT expression .)
    GT              reduce using rule 15 (expression -> expression LT expression .)
    PRINT           reduce using rule 15 (expression -> expression LT expression .)
    PRINTF          reduce using rule 15 (expression -> expression LT expression .)
    PRINTLN         reduce using rule 15 (expression -> expression LT expression .)
    (               reduce using rule 15 (expression -> expression LT expression .)
    -               reduce using rule 15 (expression -> expression LT expression .)
    NUMBER          reduce using rule 15 (expression -> expression LT expression .)
    STRING          reduce using rule 15 (expression -> expression LT expression .)
    $end            reduce using rule 15 (expression -> expression LT expression .)
    )               reduce using rule 15 (expression -> expression LT expression .)
    PLUS            shift and go to state 18
    MINUS           shift and go to state 19
    TIMES           shift and go to state 20
    DIVIDE          shift and go to state 21
    MOD             shift and go to state 22

  ! PLUS            [ reduce using rule 15 (expression -> expression LT expression .) ]
  ! MINUS           [ reduce using rule 15 (expression -> expression LT expression .) ]
  ! TIMES           [ reduce using rule 15 (expression -> expression LT expression .) ]
  ! DIVIDE          [ reduce using rule 15 (expression -> expression LT expression .) ]
  ! MOD             [ reduce using rule 15 (expression -> expression LT expression .) ]
  ! LT              [ shift and go to state 23 ]
  ! LE              [ shift and go to state 24 ]
  ! EQ              [ shift and go to state 25 ]
  ! NEQ             [ shift and go to state 26 ]
  ! GE              [ shift and go to state 27 ]
  ! GT              [ shift and go to state 28 ]


state 40

    (16) expression -> expression LE expression .
    (10) expression -> expression . PLUS expression
    (11) expression -> expression . MINUS expression
    (12) expression -> expression . TIMES expression
    (13) expression -> expression . DIVIDE expression
    (14) expression -> expression . MOD expression
    (15) expression -> expression . LT expression
    (16) expression -> expression . LE expression
    (17) expression -> expression . EQ expression
    (18) expression -> expression . NEQ expression
    (19) expression -> expression . GE expression
    (20) expression -> expression . GT expression

    LT              reduce using rule 16 (expression -> expression LE expression .)
    LE              reduce using rule 16 (expression -> expression LE expression .)
    EQ              reduce using rule 16 (expression -> expression LE expression .)
    NEQ             reduce using rule 16 (expression -> expression LE expression .)
    GE              reduce using rule 16 (expression -> expression LE expression .)
    GT              reduce using rule 16 (expression -> expression LE expression .)
    PRINT           reduce using rule 16 (expression -> expression LE expression .)
    PRINTF          reduce using rule 16 (expression -> expression LE expression .)
    PRINTLN         reduce using rule 16 (expression -> expression LE expression .)
    (               reduce using rule 16 (expression -> expression LE expression .)
    -               reduce using rule 16 (expression -> expression LE expression .)
    NUMBER          reduce using rule 16 (expression -> expression LE expression .)
    STRING          reduce using rule 16 (expression -> expression LE expression .)
    $end            reduce using rule 16 (expression -> expression LE expression .)
    )               reduce using rule 16 (expression -> expression LE expression .)
    PLUS            shift and go to state 18
    MINUS           shift and go to state 19
    TIMES           shift and go to state 20
    DIVIDE          shift and go to state 21
    MOD             shift and go to state 22

  ! PLUS            [ reduce using rule 16 (expression -> expression LE expression .) ]
  ! MINUS           [ reduce using rule 16 (expression -> expression LE expression .) ]
  ! TIMES           [ reduce using rule 16 (expression -> expression LE expression .) ]
  ! DIVIDE          [ reduce using rule 16 (expression -> expression LE expression .) ]
  ! MOD             [ reduce using rule 16 (expression -> expression LE expression .) ]
  ! LT              [ shift and go to state 23 ]
  ! LE              [ shift and go to state 24 ]
  ! EQ              [ shift and go to state 25 ]
  ! NEQ             [ shift and go to state 26 ]
  ! GE              [ shift and go to state 27 ]
  ! GT              [ shift and go to state 28 ]


state 41

    (17) expression -> expression EQ expression .
    (10) expression -> expression . PLUS expression
    (11) expression -> expression . MINUS expression
    (12) expression -> expression . TIMES expression
    (13) expression -> expression . DIVIDE expression
    (14) expression -> expression . MOD expression
    (15) expression -> expression . LT expression
    (16) expression -> expression . LE expression
    (17) expression -> expression . EQ expression
    (18) expression -> expression . NEQ expression
    (19) expression -> expression . GE expression
    (20) expression -> expression . GT expression

    LT              reduce using rule 17 (expression -> expression EQ expression .)
    LE              reduce using rule 17 (expression -> expression EQ expression .)
    EQ              reduce using rule 17 (expression -> expression EQ expression .)
    NEQ             reduce using rule 17 (expression -> expression EQ expression .)
    GE              reduce using rule 17 (expression -> expression EQ expression .)
    GT              reduce using rule 17 (expression -> expression EQ expression .)
    PRINT           reduce using rule 17 (expression -> expression EQ expression .)
    PRINTF          reduce using rule 17 (expression -> expression EQ expression .)
    PRINTLN         reduce using rule 17 (expression -> expression EQ expression .)
    (               reduce using rule 17 (expression -> expression EQ expression .)
    -               reduce using rule 17 (expression -> expression EQ expression .)
    NUMBER          reduce using rule 17 (expression -> expression EQ expression .)
    STRING          reduce using rule 17 (expression -> expression EQ expression .)
    $end            reduce using rule 17 (expression -> expression EQ expression .)
    )               reduce using rule 17 (expression -> expression EQ expression .)
    PLUS            shift and go to state 18
    MINUS           shift and go to state 19
    TIMES           shift and go to state 20
    DIVIDE          shift and go to state 21
    MOD             shift and go to state 22

  ! PLUS            [ reduce using rule 17 (expression -> expression EQ expression .) ]
  ! MINUS           [ reduce using rule 17 (expression -> expression EQ expression .) ]
  ! TIMES           [ reduce using rule 17 (expression -> expression EQ expression .) ]
  ! DIVIDE          [ reduce using rule 17 (expression -> expression EQ expression .) ]
  ! MOD             [ reduce using rule 17 (expression -> expression EQ expression .) ]
  ! LT              [ shift and go to state 23 ]
  ! LE              [ shift and go to state 24 ]
  ! EQ              [ shift and go to state 25 ]
  ! NEQ             [ shift and go to state 26 ]
  ! GE              [ shift and go to state 27 ]
  ! GT              [ shift and go to state 28 ]


state 42

    (18) expression -> expression NEQ expression .
    (10) expression -> expression . PLUS expression
    (11) expression -> expression . MINUS expression
    (12) expression -> expression . TIMES expression
    (13) expression -> expression . DIVIDE expression
    (14) expression -> expression . MOD expression
    (15) expression -> expression . LT expression
    (16) expression -> expression . LE expression
    (17) expression -> expression . EQ expression
    (18) expression -> expression . NEQ expression
    (19) expression -> expression . GE expression
    (20) expression -> expression . GT expression

    LT              reduce using rule 18 (expression -> expression NEQ expression .)
    LE              reduce using rule 18 (expression -> expression NEQ expression .)
    EQ              reduce using rule 18 (expression -> expression NEQ expression .)
    NEQ             reduce using rule 18 (expression -> expression NEQ expression .)
    GE              reduce using rule 18 (expression -> expression NEQ expression .)
    GT              reduce using rule 18 (expression -> expression NEQ expression .)
    PRINT           reduce using rule 18 (expression -> expression NEQ expression .)
    PRINTF          reduce using rule 18 (expression -> expression NEQ expression .)
    PRINTLN         reduce using rule 18 (expression -> expression NEQ expression .)
    (               reduce using rule 18 (expression -> expression NEQ expression .)
    -               reduce using rule 18 (expression -> expression NEQ expression .)
    NUMBER          reduce using rule 18 (expression -> expression NEQ expression .)
    STRING          reduce using rule 18 (expression -> expression NEQ expression .)
    $end            reduce using rule 18 (expression -> expression NEQ expression .)
    )               reduce using rule 18 (expression -> expression NEQ expression .)
    PLUS            shift and go to state 18
    MINUS           shift and go to state 19
    TIMES           shift and go to state 20
    DIVIDE          shift and go to state 21
    MOD             shift and go to state 22

  ! PLUS            [ reduce using rule 18 (expression -> expression NEQ expression .) ]
  ! MINUS           [ reduce using rule 18 (expression -> expression NEQ expression .) ]
  ! TIMES           [ reduce using rule 18 (expression -> expression NEQ expression .) ]
  ! DIVIDE          [ reduce using rule 18 (expression -> expression NEQ expression .) ]
  ! MOD             [ reduce using rule 18 (expression -> expression NEQ expression .) ]
  ! LT              [ shift and go to state 23 ]
  ! LE              [ shift and go to state 24 ]
  ! EQ              [ shift and go to state 25 ]
  ! NEQ             [ shift and go to state 26 ]
  ! GE              [ shift and go to state 27 ]
  ! GT              [ shift and go to state 28 ]


state 43

    (19) expression -> expression GE expression .
    (10) expression -> expression . PLUS expression
    (11) expression -> expression . MINUS expression
    (12) expression -> expression . TIMES expression
    (13) expression -> expression . DIVIDE expression
    (14) expression -> expression . MOD expression
    (15) expression -> expression . LT expression
    (16) expression -> expression . LE expression
    (17) expression -> expression . EQ expression
    (18) expression -> expression . NEQ expression
    (19) expression -> expression . GE expression
    (20) expression -> expression . GT expression

    LT              reduce using rule 19 (expression -> expression GE expression .)
    LE              reduce using rule 19 (expression -> expression GE expression .)
    EQ              reduce using rule 19 (expression -> expression GE expression .)
    NEQ             reduce using rule 19 (expression -> expression GE expression .)
    GE              reduce using rule 19 (expression -> expression GE expression .)
    GT              reduce using rule 19 (expression -> expression GE expression .)
    PRINT           reduce using rule 19 (expression -> expression GE expression .)
    PRINTF          reduce using rule 19 (expression -> expression GE expression .)
    PRINTLN         reduce using rule 19 (expression -> expression GE expression .)
    (               reduce using rule 19 (expression -> expression GE expression .)
    -               reduce using rule 19 (expression -> expression GE expression .)
    NUMBER          reduce using rule 19 (expression -> expression GE expression .)
    STRING          reduce using rule 19 (expression -> expression GE expression .)
    $end            reduce using rule 19 (expression -> expression GE expression .)
    )               reduce using rule 19 (expression -> expression GE expression .)
    PLUS            shift and go to state 18
    MINUS           shift and go to state 19
    TIMES           shift and go to state 20
    DIVIDE          shift and go to state 21
    MOD             shift and go to state 22

  ! PLUS            [ reduce using rule 19 (expression -> expression GE expression .) ]
  ! MINUS           [ reduce using rule 19 (expression -> expression GE expression .) ]
  ! TIMES           [ reduce using rule 19 (expression -> expression GE expression .) ]
  ! DIVIDE          [ reduce using rule 19 (expression -> expression GE expression .) ]
  ! MOD             [ reduce using rule 19 (expression -> expression GE expression .) ]
  ! LT              [ shift and go to state 23 ]
  ! LE              [ shift and go to state 24 ]
  ! EQ              [ shift and go to state 25 ]
  ! NEQ             [ shift and go to state 26 ]
  ! GE              [ shift and go to state 27 ]
  ! GT              [ shift and go to state 28 ]


state 44

    (20) expression -> expression GT expression .
    (10) expression -> expression . PLUS expression
    (11) expression -> expression . MINUS expression
    (12) expression -> expression . TIMES expression
    (13) expression -> expression . DIVIDE expression
    (14) expression -> expression . MOD expression
    (15) expression -> expression . LT expression
    (16) expression -> expression . LE expression
    (17) expression -> expression . EQ expression
    (18) expression -> expression . NEQ expression
    (19) expression -> expression . GE expression
    (20) expression -> expression . GT expression

    LT              reduce using rule 20 (expression -> expression GT expression .)
    LE              reduce using rule 20 (expression -> expression GT expression .)
    EQ              reduce using rule 20 (expression -> expression GT expression .)
    NEQ             reduce using rule 20 (expression -> expression GT expression .)
    GE              reduce using rule 20 (expression -> expression GT expression .)
    GT              reduce using rule 20 (expression -> expression GT expression .)
    PRINT           reduce using rule 20 (expression -> expression GT expression .)
    PRINTF          reduce using rule 20 (expression -> expression GT expression .)
    PRINTLN         reduce using rule 20 (expression -> expression GT expression .)
    (               reduce using rule 20 (expression -> expression GT expression .)
    -               reduce using rule 20 (expression -> expression GT expression .)
    NUMBER          reduce using rule 20 (expression -> expression GT expression .)
    STRING          reduce using rule 20 (expression -> expression GT expression .)
    $end            reduce using rule 20 (expression -> expression GT expression .)
    )               reduce using rule 20 (expression -> expression GT expression .)
    PLUS            shift and go to state 18
    MINUS           shift and go to state 19
    TIMES           shift and go to state 20
    DIVIDE          shift and go to state 21
    MOD             shift and go to state 22

  ! PLUS            [ reduce using rule 20 (expression -> expression GT expression .) ]
  ! MINUS           [ reduce using rule 20 (expression -> expression GT expression .) ]
  ! TIMES           [ reduce using rule 20 (expression -> expression GT expression .) ]
  ! DIVIDE          [ reduce using rule 20 (expression -> expression GT expression .) ]
  ! MOD             [ reduce using rule 20 (expression -> expression GT expression .) ]
  ! LT              [ shift and go to state 23 ]
  ! LE              [ shift and go to state 24 ]
  ! EQ              [ shift and go to state 25 ]
  ! NEQ             [ shift and go to state 26 ]
  ! GE              [ shift and go to state 27 ]
  ! GT              [ shift and go to state 28 ]


state 45

    (25) Print -> PRINT ( expression . )
    (10) expression -> expression . PLUS expression
    (11) expression -> expression . MINUS expression
    (12) expression -> expression . TIMES expression
    (13) expression -> expression . DIVIDE expression
    (14) expression -> expression . MOD expression
    (15) expression -> expression . LT expression
    (16) expression -> expression . LE expression
    (17) expression -> expression . EQ expression
    (18) expression -> expression . NEQ expression
    (19) expression -> expression . GE expression
    (20) expression -> expression . GT expression

    )               shift and go to state 49
    PLUS            shift and go to state 18
    MINUS           shift and go to state 19
    TIMES           shift and go to state 20
    DIVIDE          shift and go to state 21
    MOD             shift and go to state 22
    LT              shift and go to state 23
    LE              shift and go to state 24
    EQ              shift and go to state 25
    NEQ             shift and go to state 26
    GE              shift and go to state 27
    GT              shift and go to state 28


state 46

    (21) expression -> ( expression ) .

    PLUS            reduce using rule 21 (expression -> ( expression ) .)
    MINUS           reduce using rule 21 (expression -> ( expression ) .)
    TIMES           reduce using rule 21 (expression -> ( expression ) .)
    DIVIDE          reduce using rule 21 (expression -> ( expression ) .)
    MOD             reduce using rule 21 (expression -> ( expression ) .)
    LT              reduce using rule 21 (expression -> ( expression ) .)
    LE              reduce using rule 21 (expression -> ( expression ) .)
    EQ              reduce using rule 21 (expression -> ( expression ) .)
    NEQ             reduce using rule 21 (expression -> ( expression ) .)
    GE              reduce using rule 21 (expression -> ( expression ) .)
    GT              reduce using rule 21 (expression -> ( expression ) .)
    PRINT           reduce using rule 21 (expression -> ( expression ) .)
    PRINTF          reduce using rule 21 (expression -> ( expression ) .)
    PRINTLN         reduce using rule 21 (expression -> ( expression ) .)
    (               reduce using rule 21 (expression -> ( expression ) .)
    -               reduce using rule 21 (expression -> ( expression ) .)
    NUMBER          reduce using rule 21 (expression -> ( expression ) .)
    STRING          reduce using rule 21 (expression -> ( expression ) .)
    $end            reduce using rule 21 (expression -> ( expression ) .)
    )               reduce using rule 21 (expression -> ( expression ) .)


state 47

    (27) Printf -> PRINTF ( expression . )
    (10) expression -> expression . PLUS expression
    (11) expression -> expression . MINUS expression
    (12) expression -> expression . TIMES expression
    (13) expression -> expression . DIVIDE expression
    (14) expression -> expression . MOD expression
    (15) expression -> expression . LT expression
    (16) expression -> expression . LE expression
    (17) expression -> expression . EQ expression
    (18) expression -> expression . NEQ expression
    (19) expression -> expression . GE expression
    (20) expression -> expression . GT expression

    )               shift and go to state 50
    PLUS            shift and go to state 18
    MINUS           shift and go to state 19
    TIMES           shift and go to state 20
    DIVIDE          shift and go to state 21
    MOD             shift and go to state 22
    LT              shift and go to state 23
    LE              shift and go to state 24
    EQ              shift and go to state 25
    NEQ             shift and go to state 26
    GE              shift and go to state 27
    GT              shift and go to state 28


state 48

    (26) Println -> PRINTLN ( expression . )
    (10) expression -> expression . PLUS expression
    (11) expression -> expression . MINUS expression
    (12) expression -> expression . TIMES expression
    (13) expression -> expression . DIVIDE expression
    (14) expression -> expression . MOD expression
    (15) expression -> expression . LT expression
    (16) expression -> expression . LE expression
    (17) expression -> expression . EQ expression
    (18) expression -> expression . NEQ expression
    (19) expression -> expression . GE expression
    (20) expression -> expression . GT expression

    )               shift and go to state 51
    PLUS            shift and go to state 18
    MINUS           shift and go to state 19
    TIMES           shift and go to state 20
    DIVIDE          shift and go to state 21
    MOD             shift and go to state 22
    LT              shift and go to state 23
    LE              shift and go to state 24
    EQ              shift and go to state 25
    NEQ             shift and go to state 26
    GE              shift and go to state 27
    GT              shift and go to state 28


state 49

    (25) Print -> PRINT ( expression ) .

    PRINT           reduce using rule 25 (Print -> PRINT ( expression ) .)
    PRINTF          reduce using rule 25 (Print -> PRINT ( expression ) .)
    PRINTLN         reduce using rule 25 (Print -> PRINT ( expression ) .)
    (               reduce using rule 25 (Print -> PRINT ( expression ) .)
    -               reduce using rule 25 (Print -> PRINT ( expression ) .)
    NUMBER          reduce using rule 25 (Print -> PRINT ( expression ) .)
    STRING          reduce using rule 25 (Print -> PRINT ( expression ) .)
    $end            reduce using rule 25 (Print -> PRINT ( expression ) .)


state 50

    (27) Printf -> PRINTF ( expression ) .

    PRINT           reduce using rule 27 (Printf -> PRINTF ( expression ) .)
    PRINTF          reduce using rule 27 (Printf -> PRINTF ( expression ) .)
    PRINTLN         reduce using rule 27 (Printf -> PRINTF ( expression ) .)
    (               reduce using rule 27 (Printf -> PRINTF ( expression ) .)
    -               reduce using rule 27 (Printf -> PRINTF ( expression ) .)
    NUMBER          reduce using rule 27 (Printf -> PRINTF ( expression ) .)
    STRING          reduce using rule 27 (Printf -> PRINTF ( expression ) .)
    $end            reduce using rule 27 (Printf -> PRINTF ( expression ) .)


state 51

    (26) Println -> PRINTLN ( expression ) .

    PRINT           reduce using rule 26 (Println -> PRINTLN ( expression ) .)
    PRINTF          reduce using rule 26 (Println -> PRINTLN ( expression ) .)
    PRINTLN         reduce using rule 26 (Println -> PRINTLN ( expression ) .)
    (               reduce using rule 26 (Println -> PRINTLN ( expression ) .)
    -               reduce using rule 26 (Println -> PRINTLN ( expression ) .)
    NUMBER          reduce using rule 26 (Println -> PRINTLN ( expression ) .)
    STRING          reduce using rule 26 (Println -> PRINTLN ( expression ) .)
    $end            reduce using rule 26 (Println -> PRINTLN ( expression ) .)

